<?xml version="1.0" encoding="UTF-8"?>
<!-- Generated by org.testng.reporters.JUnitXMLReporter -->
<testsuite hostname="DESKTOP-OFF3RJN" ignored="0" name="Default test" tests="5" failures="0" timestamp="14 Sep 2021 16:42:33 GMT" time="0.14" errors="0">
  <testcase name="tc1" time="0.0" classname="org.testng.ConOfTestNg"/>
  <testcase name="tc2" time="0.0" classname="org.testng.ConOfTestNg"/>
  <testcase name="tc3" time="0.0" classname="org.testng.ConOfTestNg"/>
  <testcase name="tc4" time="0.0" classname="org.testng.ConOfTestNg"/>
  <testcase name="tc5" time="0.0" classname="org.testng.ConOfTestNg"/>
</testsuite> <!-- Default test -->
